{"contracts/Crowdfund.sol":{"l":{"61":29,"62":20,"67":15,"68":11,"73":4,"74":1,"79":16,"80":5,"82":13,"114":16,"115":16,"117":16,"118":16,"119":16,"121":16,"124":16,"127":16,"129":16,"130":64,"131":64,"136":16,"139":16,"149":16,"150":13,"152":13,"153":0,"155":13,"156":13,"157":13,"158":12,"167":2,"168":1,"170":1,"171":0,"173":1,"174":1,"175":1,"183":35,"192":1,"200":13,"202":13,"203":13,"205":13,"207":13,"208":0,"210":12,"218":9,"219":7,"220":7,"221":7,"223":7,"224":0,"228":7,"229":0,"231":7,"232":7,"242":18,"244":18,"246":33,"247":17,"251":1,"261":1,"262":1,"263":5,"264":0,"267":1,"273":2,"274":2,"275":2,"277":1,"285":2,"293":2,"294":6,"303":1,"304":3,"313":5,"320":3},"path":"/home/dev43/go/src/github.com/etherparty/eth-smart-contracts/contracts/Crowdfund.sol","s":{"1":29,"2":15,"3":4,"4":16,"5":5,"6":16,"7":16,"8":16,"9":16,"10":16,"11":16,"12":16,"13":16,"14":16,"15":64,"16":16,"17":16,"18":16,"19":13,"20":13,"21":0,"22":13,"23":13,"24":13,"25":12,"26":2,"27":1,"28":1,"29":0,"30":1,"31":1,"32":1,"33":35,"34":1,"35":13,"36":13,"37":13,"38":13,"39":0,"40":12,"41":9,"42":7,"43":7,"44":7,"45":0,"46":7,"47":0,"48":7,"49":7,"50":18,"51":18,"52":33,"53":17,"54":1,"55":1,"56":1,"57":5,"58":0,"59":1,"60":2,"61":2,"62":1,"63":2,"64":2,"65":6,"66":1,"67":3,"68":5,"69":3},"b":{"1":[20,9],"2":[11,4],"3":[1,3],"4":[5,11],"5":[2,3],"6":[16,0],"7":[16,0],"8":[13,3],"9":[0,13],"10":[12,1],"11":[1,1],"12":[0,1],"13":[1,0],"14":[0,12],"15":[7,2],"16":[7,0],"17":[0,7],"18":[0,7],"19":[17,16],"20":[1,0],"21":[0,5],"22":[1,1]},"f":{"1":29,"2":15,"3":4,"4":16,"5":16,"6":16,"7":2,"8":35,"9":1,"10":13,"11":9,"12":18,"13":1,"14":2,"15":2,"16":2,"17":1,"18":5,"19":3},"fnMap":{"1":{"name":"duringCrowdfund","line":60,"loc":{"start":{"line":60,"column":4},"end":{"line":60,"column":28}}},"2":{"name":"onlyAfterCrowdfund","line":66,"loc":{"start":{"line":66,"column":4},"end":{"line":66,"column":31}}},"3":{"name":"onlyBeforeCrowdfund","line":72,"loc":{"start":{"line":72,"column":4},"end":{"line":72,"column":32}}},"4":{"name":"isWhitelisted","line":78,"loc":{"start":{"line":78,"column":4},"end":{"line":78,"column":46}}},"5":{"name":"Crowdfund","line":99,"loc":{"start":{"line":99,"column":4},"end":{"line":111,"column":18}}},"6":{"name":"scheduleCrowdfund","line":147,"loc":{"start":{"line":147,"column":4},"end":{"line":147,"column":81}}},"7":{"name":"reScheduleCrowdfund","line":165,"loc":{"start":{"line":165,"column":4},"end":{"line":165,"column":83}}},"8":{"name":"changeWalletAddress","line":182,"loc":{"start":{"line":182,"column":4},"end":{"line":182,"column":90}}},"9":{"name":"changeForwardAddress","line":191,"loc":{"start":{"line":191,"column":4},"end":{"line":191,"column":76}}},"10":{"name":"buyTokens","line":199,"loc":{"start":{"line":199,"column":4},"end":{"line":199,"column":123}}},"11":{"name":"closeCrowdfund","line":217,"loc":{"start":{"line":217,"column":4},"end":{"line":217,"column":88}}},"12":{"name":"getRate","line":240,"loc":{"start":{"line":240,"column":4},"end":{"line":240,"column":53}}},"13":{"name":"deliverPresaleTokens","line":260,"loc":{"start":{"line":260,"column":4},"end":{"line":260,"column":146}}},"14":{"name":"kill","line":272,"loc":{"start":{"line":272,"column":4},"end":{"line":272,"column":36}}},"15":{"name":"addToWhitelist","line":284,"loc":{"start":{"line":284,"column":4},"end":{"line":284,"column":66}}},"16":{"name":"addManyToWhitelist","line":292,"loc":{"start":{"line":292,"column":4},"end":{"line":292,"column":74}}},"17":{"name":"removeManyFromWhitelist","line":302,"loc":{"start":{"line":302,"column":4},"end":{"line":302,"column":79}}},"18":{"name":"removeFromWhitelist","line":312,"loc":{"start":{"line":312,"column":4},"end":{"line":312,"column":71}}},"19":{"name":null,"line":319,"loc":{"start":{"line":319,"column":4},"end":{"line":319,"column":30}}}},"statementMap":{"1":{"start":{"line":61,"column":8},"end":{"line":61,"column":48}},"2":{"start":{"line":67,"column":8},"end":{"line":67,"column":42}},"3":{"start":{"line":73,"column":8},"end":{"line":73,"column":31}},"4":{"start":{"line":79,"column":8},"end":{"line":79,"column":2426}},"5":{"start":{"line":80,"column":12},"end":{"line":80,"column":43}},"6":{"start":{"line":114,"column":8},"end":{"line":114,"column":21}},"7":{"start":{"line":115,"column":8},"end":{"line":115,"column":37}},"8":{"start":{"line":117,"column":8},"end":{"line":117,"column":23}},"9":{"start":{"line":118,"column":8},"end":{"line":118,"column":41}},"10":{"start":{"line":119,"column":8},"end":{"line":119,"column":29}},"11":{"start":{"line":121,"column":8},"end":{"line":121,"column":47}},"12":{"start":{"line":124,"column":8},"end":{"line":124,"column":72}},"13":{"start":{"line":127,"column":8},"end":{"line":127,"column":36}},"14":{"start":{"line":129,"column":8},"end":{"line":129,"column":4349}},"15":{"start":{"line":130,"column":12},"end":{"line":130,"column":64}},"16":{"start":{"line":136,"column":8},"end":{"line":136,"column":45}},"17":{"start":{"line":139,"column":8},"end":{"line":139,"column":90}},"18":{"start":{"line":149,"column":8},"end":{"line":149,"column":36}},"19":{"start":{"line":150,"column":8},"end":{"line":150,"column":28}},"20":{"start":{"line":152,"column":8},"end":{"line":152,"column":5434}},"21":{"start":{"line":153,"column":12},"end":{"line":153,"column":19}},"22":{"start":{"line":155,"column":8},"end":{"line":155,"column":45}},"23":{"start":{"line":156,"column":8},"end":{"line":156,"column":25}},"24":{"start":{"line":157,"column":8},"end":{"line":157,"column":51}},"25":{"start":{"line":158,"column":8},"end":{"line":158,"column":19}},"26":{"start":{"line":167,"column":8},"end":{"line":167,"column":53}},"27":{"start":{"line":168,"column":8},"end":{"line":168,"column":28}},"28":{"start":{"line":170,"column":8},"end":{"line":170,"column":6224}},"29":{"start":{"line":171,"column":12},"end":{"line":171,"column":19}},"30":{"start":{"line":173,"column":8},"end":{"line":173,"column":45}},"31":{"start":{"line":174,"column":8},"end":{"line":174,"column":51}},"32":{"start":{"line":175,"column":8},"end":{"line":175,"column":19}},"33":{"start":{"line":183,"column":8},"end":{"line":183,"column":23}},"34":{"start":{"line":192,"column":8},"end":{"line":192,"column":41}},"35":{"start":{"line":200,"column":8},"end":{"line":200,"column":36}},"36":{"start":{"line":202,"column":8},"end":{"line":202,"column":48}},"37":{"start":{"line":203,"column":8},"end":{"line":203,"column":43}},"38":{"start":{"line":207,"column":8},"end":{"line":207,"column":7592}},"39":{"start":{"line":208,"column":12},"end":{"line":208,"column":19}},"40":{"start":{"line":210,"column":8},"end":{"line":210,"column":44}},"41":{"start":{"line":218,"column":8},"end":{"line":218,"column":43}},"42":{"start":{"line":220,"column":8},"end":{"line":220,"column":42}},"43":{"start":{"line":221,"column":8},"end":{"line":221,"column":8091}},"44":{"start":{"line":223,"column":12},"end":{"line":223,"column":8218}},"45":{"start":{"line":224,"column":16},"end":{"line":224,"column":23}},"46":{"start":{"line":228,"column":8},"end":{"line":228,"column":8355}},"47":{"start":{"line":229,"column":12},"end":{"line":229,"column":19}},"48":{"start":{"line":231,"column":8},"end":{"line":231,"column":32}},"49":{"start":{"line":232,"column":8},"end":{"line":232,"column":19}},"50":{"start":{"line":242,"column":8},"end":{"line":242,"column":59}},"51":{"start":{"line":244,"column":8},"end":{"line":244,"column":9027}},"52":{"start":{"line":246,"column":12},"end":{"line":246,"column":9179}},"53":{"start":{"line":247,"column":16},"end":{"line":247,"column":37}},"54":{"start":{"line":251,"column":8},"end":{"line":251,"column":16}},"55":{"start":{"line":261,"column":8},"end":{"line":261,"column":66}},"56":{"start":{"line":262,"column":8},"end":{"line":262,"column":9931}},"57":{"start":{"line":263,"column":12},"end":{"line":263,"column":10004}},"58":{"start":{"line":264,"column":16},"end":{"line":264,"column":23}},"59":{"start":{"line":267,"column":8},"end":{"line":267,"column":19}},"60":{"start":{"line":274,"column":8},"end":{"line":274,"column":42}},"61":{"start":{"line":275,"column":8},"end":{"line":275,"column":57}},"62":{"start":{"line":277,"column":8},"end":{"line":277,"column":26}},"63":{"start":{"line":285,"column":8},"end":{"line":285,"column":37}},"64":{"start":{"line":293,"column":8},"end":{"line":293,"column":10977}},"65":{"start":{"line":294,"column":12},"end":{"line":294,"column":46}},"66":{"start":{"line":303,"column":8},"end":{"line":303,"column":11325}},"67":{"start":{"line":304,"column":12},"end":{"line":304,"column":47}},"68":{"start":{"line":313,"column":8},"end":{"line":313,"column":38}},"69":{"start":{"line":320,"column":8},"end":{"line":320,"column":28}}},"branchMap":{"1":{"line":61,"type":"if","locations":[{"start":{"line":61,"column":8},"end":{"line":61,"column":8}},{"start":{"line":61,"column":8},"end":{"line":61,"column":8}}]},"2":{"line":67,"type":"if","locations":[{"start":{"line":67,"column":8},"end":{"line":67,"column":8}},{"start":{"line":67,"column":8},"end":{"line":67,"column":8}}]},"3":{"line":73,"type":"if","locations":[{"start":{"line":73,"column":8},"end":{"line":73,"column":8}},{"start":{"line":73,"column":8},"end":{"line":73,"column":8}}]},"4":{"line":79,"type":"if","locations":[{"start":{"line":79,"column":8},"end":{"line":79,"column":8}},{"start":{"line":79,"column":8},"end":{"line":79,"column":8}}]},"5":{"line":80,"type":"if","locations":[{"start":{"line":80,"column":12},"end":{"line":80,"column":12}},{"start":{"line":80,"column":12},"end":{"line":80,"column":12}}]},"6":{"line":124,"type":"if","locations":[{"start":{"line":124,"column":8},"end":{"line":124,"column":8}},{"start":{"line":124,"column":8},"end":{"line":124,"column":8}}]},"7":{"line":136,"type":"if","locations":[{"start":{"line":136,"column":8},"end":{"line":136,"column":8}},{"start":{"line":136,"column":8},"end":{"line":136,"column":8}}]},"8":{"line":149,"type":"if","locations":[{"start":{"line":149,"column":8},"end":{"line":149,"column":8}},{"start":{"line":149,"column":8},"end":{"line":149,"column":8}}]},"9":{"line":152,"type":"if","locations":[{"start":{"line":152,"column":8},"end":{"line":152,"column":8}},{"start":{"line":152,"column":8},"end":{"line":152,"column":8}}]},"10":{"line":157,"type":"if","locations":[{"start":{"line":157,"column":8},"end":{"line":157,"column":8}},{"start":{"line":157,"column":8},"end":{"line":157,"column":8}}]},"11":{"line":167,"type":"if","locations":[{"start":{"line":167,"column":8},"end":{"line":167,"column":8}},{"start":{"line":167,"column":8},"end":{"line":167,"column":8}}]},"12":{"line":170,"type":"if","locations":[{"start":{"line":170,"column":8},"end":{"line":170,"column":8}},{"start":{"line":170,"column":8},"end":{"line":170,"column":8}}]},"13":{"line":174,"type":"if","locations":[{"start":{"line":174,"column":8},"end":{"line":174,"column":8}},{"start":{"line":174,"column":8},"end":{"line":174,"column":8}}]},"14":{"line":207,"type":"if","locations":[{"start":{"line":207,"column":8},"end":{"line":207,"column":8}},{"start":{"line":207,"column":8},"end":{"line":207,"column":8}}]},"15":{"line":218,"type":"if","locations":[{"start":{"line":218,"column":8},"end":{"line":218,"column":8}},{"start":{"line":218,"column":8},"end":{"line":218,"column":8}}]},"16":{"line":221,"type":"if","locations":[{"start":{"line":221,"column":8},"end":{"line":221,"column":8}},{"start":{"line":221,"column":8},"end":{"line":221,"column":8}}]},"17":{"line":223,"type":"if","locations":[{"start":{"line":223,"column":12},"end":{"line":223,"column":12}},{"start":{"line":223,"column":12},"end":{"line":223,"column":12}}]},"18":{"line":228,"type":"if","locations":[{"start":{"line":228,"column":8},"end":{"line":228,"column":8}},{"start":{"line":228,"column":8},"end":{"line":228,"column":8}}]},"19":{"line":246,"type":"if","locations":[{"start":{"line":246,"column":12},"end":{"line":246,"column":12}},{"start":{"line":246,"column":12},"end":{"line":246,"column":12}}]},"20":{"line":261,"type":"if","locations":[{"start":{"line":261,"column":8},"end":{"line":261,"column":8}},{"start":{"line":261,"column":8},"end":{"line":261,"column":8}}]},"21":{"line":263,"type":"if","locations":[{"start":{"line":263,"column":12},"end":{"line":263,"column":12}},{"start":{"line":263,"column":12},"end":{"line":263,"column":12}}]},"22":{"line":275,"type":"if","locations":[{"start":{"line":275,"column":8},"end":{"line":275,"column":8}},{"start":{"line":275,"column":8},"end":{"line":275,"column":8}}]}}},"contracts/library/BasicToken.sol":{"l":{"23":1,"32":1,"33":1,"36":1,"37":1,"38":1,"39":1,"48":35},"path":"/home/dev43/go/src/github.com/etherparty/eth-smart-contracts/contracts/library/BasicToken.sol","s":{"1":1,"2":1,"3":1,"4":1,"5":1,"6":1,"7":1,"8":35},"b":{"1":[1,0],"2":[1,0]},"f":{"1":1,"2":1,"3":35},"fnMap":{"1":{"name":"totalSupply","line":22,"loc":{"start":{"line":22,"column":2},"end":{"line":22,"column":54}}},"2":{"name":"transfer","line":31,"loc":{"start":{"line":31,"column":2},"end":{"line":31,"column":70}}},"3":{"name":"balanceOf","line":47,"loc":{"start":{"line":47,"column":2},"end":{"line":47,"column":74}}}},"statementMap":{"1":{"start":{"line":23,"column":4},"end":{"line":23,"column":23}},"2":{"start":{"line":32,"column":4},"end":{"line":32,"column":29}},"3":{"start":{"line":33,"column":4},"end":{"line":33,"column":42}},"4":{"start":{"line":36,"column":4},"end":{"line":36,"column":58}},"5":{"start":{"line":37,"column":4},"end":{"line":37,"column":44}},"6":{"start":{"line":38,"column":4},"end":{"line":38,"column":36}},"7":{"start":{"line":39,"column":4},"end":{"line":39,"column":15}},"8":{"start":{"line":48,"column":4},"end":{"line":48,"column":27}}},"branchMap":{"1":{"line":32,"type":"if","locations":[{"start":{"line":32,"column":4},"end":{"line":32,"column":4}},{"start":{"line":32,"column":4},"end":{"line":32,"column":4}}]},"2":{"line":33,"type":"if","locations":[{"start":{"line":33,"column":4},"end":{"line":33,"column":4}},{"start":{"line":33,"column":4},"end":{"line":33,"column":4}}]}}},"contracts/library/CanReclaimToken.sol":{"l":{"22":0,"23":0},"path":"/home/dev43/go/src/github.com/etherparty/eth-smart-contracts/contracts/library/CanReclaimToken.sol","s":{"1":0},"b":{},"f":{"1":0},"fnMap":{"1":{"name":"reclaimToken","line":21,"loc":{"start":{"line":21,"column":2},"end":{"line":21,"column":60}}}},"statementMap":{"1":{"start":{"line":22,"column":4},"end":{"line":22,"column":42}}},"branchMap":{}},"contracts/library/ERC20.sol":{"l":{},"path":"/home/dev43/go/src/github.com/etherparty/eth-smart-contracts/contracts/library/ERC20.sol","s":{},"b":{},"f":{},"fnMap":{},"statementMap":{},"branchMap":{}},"contracts/library/ERC20Basic.sol":{"l":{},"path":"/home/dev43/go/src/github.com/etherparty/eth-smart-contracts/contracts/library/ERC20Basic.sol","s":{},"b":{},"f":{},"fnMap":{},"statementMap":{},"branchMap":{}},"contracts/library/NonZero.sol":{"l":{"9":55,"10":55,"14":0,"15":0,"19":20,"20":16},"path":"/home/dev43/go/src/github.com/etherparty/eth-smart-contracts/contracts/library/NonZero.sol","s":{"1":55,"2":0,"3":20},"b":{"1":[55,0],"2":[0,0],"3":[16,4]},"f":{"1":55,"2":0,"3":20},"fnMap":{"1":{"name":"nonZeroAddress","line":8,"loc":{"start":{"line":8,"column":4},"end":{"line":8,"column":43}}},"2":{"name":"nonZeroAmount","line":13,"loc":{"start":{"line":13,"column":4},"end":{"line":13,"column":38}}},"3":{"name":"nonZeroValue","line":18,"loc":{"start":{"line":18,"column":4},"end":{"line":18,"column":25}}}},"statementMap":{"1":{"start":{"line":9,"column":8},"end":{"line":9,"column":38}},"2":{"start":{"line":14,"column":8},"end":{"line":14,"column":27}},"3":{"start":{"line":19,"column":8},"end":{"line":19,"column":29}}},"branchMap":{"1":{"line":9,"type":"if","locations":[{"start":{"line":9,"column":8},"end":{"line":9,"column":8}},{"start":{"line":9,"column":8},"end":{"line":9,"column":8}}]},"2":{"line":14,"type":"if","locations":[{"start":{"line":14,"column":8},"end":{"line":14,"column":8}},{"start":{"line":14,"column":8},"end":{"line":14,"column":8}}]},"3":{"line":19,"type":"if","locations":[{"start":{"line":19,"column":8},"end":{"line":19,"column":8}},{"start":{"line":19,"column":8},"end":{"line":19,"column":8}}]}}},"contracts/library/Ownable.sol":{"l":{"21":32,"28":83,"29":76,"37":0,"38":0,"39":0},"path":"/home/dev43/go/src/github.com/etherparty/eth-smart-contracts/contracts/library/Ownable.sol","s":{"1":32,"2":83,"3":0,"4":0,"5":0},"b":{"1":[76,7],"2":[0,0]},"f":{"1":32,"2":83,"3":0},"fnMap":{"1":{"name":"Ownable","line":20,"loc":{"start":{"line":20,"column":2},"end":{"line":20,"column":27}}},"2":{"name":"onlyOwner","line":27,"loc":{"start":{"line":27,"column":2},"end":{"line":27,"column":22}}},"3":{"name":"transferOwnership","line":36,"loc":{"start":{"line":36,"column":2},"end":{"line":36,"column":63}}}},"statementMap":{"1":{"start":{"line":21,"column":4},"end":{"line":21,"column":21}},"2":{"start":{"line":28,"column":4},"end":{"line":28,"column":31}},"3":{"start":{"line":37,"column":4},"end":{"line":37,"column":34}},"4":{"start":{"line":38,"column":4},"end":{"line":38,"column":40}},"5":{"start":{"line":39,"column":4},"end":{"line":39,"column":19}}},"branchMap":{"1":{"line":28,"type":"if","locations":[{"start":{"line":28,"column":4},"end":{"line":28,"column":4}},{"start":{"line":28,"column":4},"end":{"line":28,"column":4}}]},"2":{"line":37,"type":"if","locations":[{"start":{"line":37,"column":4},"end":{"line":37,"column":4}},{"start":{"line":37,"column":4},"end":{"line":37,"column":4}}]}}},"contracts/library/SafeERC20.sol":{"l":{"15":0,"19":0,"23":0},"path":"/home/dev43/go/src/github.com/etherparty/eth-smart-contracts/contracts/library/SafeERC20.sol","s":{"1":0,"2":0,"3":0},"b":{"1":[0,0],"2":[0,0],"3":[0,0]},"f":{"1":0,"2":0,"3":0},"fnMap":{"1":{"name":"safeTransfer","line":14,"loc":{"start":{"line":14,"column":2},"end":{"line":14,"column":77}}},"2":{"name":"safeTransferFrom","line":18,"loc":{"start":{"line":18,"column":2},"end":{"line":18,"column":90}}},"3":{"name":"safeApprove","line":22,"loc":{"start":{"line":22,"column":2},"end":{"line":22,"column":76}}}},"statementMap":{"1":{"start":{"line":15,"column":4},"end":{"line":15,"column":36}},"2":{"start":{"line":19,"column":4},"end":{"line":19,"column":46}},"3":{"start":{"line":23,"column":4},"end":{"line":23,"column":40}}},"branchMap":{"1":{"line":15,"type":"if","locations":[{"start":{"line":15,"column":4},"end":{"line":15,"column":4}},{"start":{"line":15,"column":4},"end":{"line":15,"column":4}}]},"2":{"line":19,"type":"if","locations":[{"start":{"line":19,"column":4},"end":{"line":19,"column":4}},{"start":{"line":19,"column":4},"end":{"line":19,"column":4}}]},"3":{"line":23,"type":"if","locations":[{"start":{"line":23,"column":4},"end":{"line":23,"column":4}},{"start":{"line":23,"column":4},"end":{"line":23,"column":4}}]}}},"contracts/library/SafeMath.sol":{"l":{"14":141,"15":0,"17":141,"18":141,"19":141,"27":18,"29":18,"36":51,"37":48,"44":216,"45":216,"46":216},"path":"/home/dev43/go/src/github.com/etherparty/eth-smart-contracts/contracts/library/SafeMath.sol","s":{"1":141,"2":0,"3":141,"4":141,"5":141,"6":18,"7":18,"8":51,"9":48,"10":216,"11":216,"12":216},"b":{"1":[0,141],"2":[141,0],"3":[48,3],"4":[216,0]},"f":{"1":141,"2":18,"3":51,"4":216},"fnMap":{"1":{"name":"mul","line":13,"loc":{"start":{"line":13,"column":2},"end":{"line":13,"column":68}}},"2":{"name":"div","line":25,"loc":{"start":{"line":25,"column":2},"end":{"line":25,"column":68}}},"3":{"name":"sub","line":35,"loc":{"start":{"line":35,"column":2},"end":{"line":35,"column":68}}},"4":{"name":"add","line":43,"loc":{"start":{"line":43,"column":2},"end":{"line":43,"column":68}}}},"statementMap":{"1":{"start":{"line":14,"column":4},"end":{"line":14,"column":280}},"2":{"start":{"line":15,"column":6},"end":{"line":15,"column":14}},"3":{"start":{"line":17,"column":4},"end":{"line":17,"column":20}},"4":{"start":{"line":18,"column":4},"end":{"line":18,"column":21}},"5":{"start":{"line":19,"column":4},"end":{"line":19,"column":12}},"6":{"start":{"line":27,"column":4},"end":{"line":27,"column":20}},"7":{"start":{"line":29,"column":4},"end":{"line":29,"column":12}},"8":{"start":{"line":36,"column":4},"end":{"line":36,"column":17}},"9":{"start":{"line":37,"column":4},"end":{"line":37,"column":16}},"10":{"start":{"line":44,"column":4},"end":{"line":44,"column":20}},"11":{"start":{"line":45,"column":4},"end":{"line":45,"column":17}},"12":{"start":{"line":46,"column":4},"end":{"line":46,"column":12}}},"branchMap":{"1":{"line":14,"type":"if","locations":[{"start":{"line":14,"column":4},"end":{"line":14,"column":4}},{"start":{"line":14,"column":4},"end":{"line":14,"column":4}}]},"2":{"line":18,"type":"if","locations":[{"start":{"line":18,"column":4},"end":{"line":18,"column":4}},{"start":{"line":18,"column":4},"end":{"line":18,"column":4}}]},"3":{"line":36,"type":"if","locations":[{"start":{"line":36,"column":4},"end":{"line":36,"column":4}},{"start":{"line":36,"column":4},"end":{"line":36,"column":4}}]},"4":{"line":45,"type":"if","locations":[{"start":{"line":45,"column":4},"end":{"line":45,"column":4}},{"start":{"line":45,"column":4},"end":{"line":45,"column":4}}]}}},"contracts/library/StandardToken.sol":{"l":{"26":1,"27":1,"28":1,"30":1,"31":1,"32":1,"33":1,"34":1,"48":1,"49":1,"50":1,"60":0,"74":0,"75":0,"76":0,"90":0,"91":0,"92":0,"94":0,"96":0,"97":0},"path":"/home/dev43/go/src/github.com/etherparty/eth-smart-contracts/contracts/library/StandardToken.sol","s":{"1":1,"2":1,"3":1,"4":1,"5":1,"6":1,"7":1,"8":1,"9":1,"10":1,"11":1,"12":0,"13":0,"14":0,"15":0,"16":0,"17":0,"18":0,"19":0,"20":0,"21":0},"b":{"1":[1,0],"2":[1,0],"3":[1,0],"4":[0,0]},"f":{"1":1,"2":1,"3":0,"4":0,"5":0},"fnMap":{"1":{"name":"transferFrom","line":25,"loc":{"start":{"line":25,"column":2},"end":{"line":25,"column":89}}},"2":{"name":"approve","line":47,"loc":{"start":{"line":47,"column":2},"end":{"line":47,"column":74}}},"3":{"name":"allowance","line":59,"loc":{"start":{"line":59,"column":2},"end":{"line":59,"column":84}}},"4":{"name":"increaseApproval","line":73,"loc":{"start":{"line":73,"column":2},"end":{"line":73,"column":85}}},"5":{"name":"decreaseApproval","line":89,"loc":{"start":{"line":89,"column":2},"end":{"line":89,"column":90}}}},"statementMap":{"1":{"start":{"line":26,"column":4},"end":{"line":26,"column":29}},"2":{"start":{"line":27,"column":4},"end":{"line":27,"column":37}},"3":{"start":{"line":28,"column":4},"end":{"line":28,"column":48}},"4":{"start":{"line":30,"column":4},"end":{"line":30,"column":48}},"5":{"start":{"line":31,"column":4},"end":{"line":31,"column":44}},"6":{"start":{"line":32,"column":4},"end":{"line":32,"column":70}},"7":{"start":{"line":33,"column":4},"end":{"line":33,"column":31}},"8":{"start":{"line":34,"column":4},"end":{"line":34,"column":15}},"9":{"start":{"line":48,"column":4},"end":{"line":48,"column":41}},"10":{"start":{"line":49,"column":4},"end":{"line":49,"column":41}},"11":{"start":{"line":50,"column":4},"end":{"line":50,"column":15}},"12":{"start":{"line":60,"column":4},"end":{"line":60,"column":36}},"13":{"start":{"line":74,"column":4},"end":{"line":74,"column":81}},"14":{"start":{"line":75,"column":4},"end":{"line":75,"column":64}},"15":{"start":{"line":76,"column":4},"end":{"line":76,"column":15}},"16":{"start":{"line":90,"column":4},"end":{"line":90,"column":48}},"17":{"start":{"line":91,"column":4},"end":{"line":91,"column":3752}},"18":{"start":{"line":92,"column":6},"end":{"line":92,"column":38}},"19":{"start":{"line":94,"column":6},"end":{"line":94,"column":67}},"20":{"start":{"line":96,"column":4},"end":{"line":96,"column":64}},"21":{"start":{"line":97,"column":4},"end":{"line":97,"column":15}}},"branchMap":{"1":{"line":26,"type":"if","locations":[{"start":{"line":26,"column":4},"end":{"line":26,"column":4}},{"start":{"line":26,"column":4},"end":{"line":26,"column":4}}]},"2":{"line":27,"type":"if","locations":[{"start":{"line":27,"column":4},"end":{"line":27,"column":4}},{"start":{"line":27,"column":4},"end":{"line":27,"column":4}}]},"3":{"line":28,"type":"if","locations":[{"start":{"line":28,"column":4},"end":{"line":28,"column":4}},{"start":{"line":28,"column":4},"end":{"line":28,"column":4}}]},"4":{"line":91,"type":"if","locations":[{"start":{"line":91,"column":4},"end":{"line":91,"column":4}},{"start":{"line":91,"column":4},"end":{"line":91,"column":4}}]}}},"contracts/Token.sol":{"l":{"40":6,"41":2,"45":15,"46":14,"58":1,"69":1,"92":16,"93":16,"94":16,"96":16,"98":16,"100":16,"101":16,"102":96,"104":96,"106":16,"108":16,"110":16,"113":96,"114":96,"117":16,"121":14,"122":14,"133":33,"135":32,"137":30,"139":27,"140":27,"141":27,"150":7,"151":7,"152":7},"path":"/home/dev43/go/src/github.com/etherparty/eth-smart-contracts/contracts/Token.sol","s":{"1":6,"2":15,"3":1,"4":1,"5":16,"6":16,"7":16,"8":16,"9":16,"10":16,"11":16,"12":96,"13":96,"14":16,"15":16,"16":16,"17":96,"18":96,"19":16,"20":14,"21":14,"22":33,"23":32,"24":30,"25":27,"26":27,"27":27,"28":7,"29":7,"30":7},"b":{"1":[2,4],"2":[14,1],"3":[16,0],"4":[16,80],"5":[16,0],"6":[32,1],"7":[30,2],"8":[7,0]},"f":{"1":6,"2":15,"3":1,"4":1,"5":16,"6":14,"7":33,"8":7},"fnMap":{"1":{"name":"onlyUnlocked","line":39,"loc":{"start":{"line":39,"column":4},"end":{"line":39,"column":25}}},"2":{"name":"onlyCrowdfund","line":44,"loc":{"start":{"line":44,"column":4},"end":{"line":44,"column":26}}},"3":{"name":"transfer","line":57,"loc":{"start":{"line":57,"column":4},"end":{"line":57,"column":92}}},"4":{"name":"transferFrom","line":68,"loc":{"start":{"line":68,"column":4},"end":{"line":68,"column":111}}},"5":{"name":"Token","line":83,"loc":{"start":{"line":83,"column":4},"end":{"line":89,"column":18}}},"6":{"name":"changeCrowdfundStartTime","line":120,"loc":{"start":{"line":120,"column":4},"end":{"line":120,"column":101}}},"7":{"name":"moveAllocation","line":131,"loc":{"start":{"line":131,"column":4},"end":{"line":131,"column":76}}},"8":{"name":"unlockTokens","line":148,"loc":{"start":{"line":148,"column":4},"end":{"line":148,"column":49}}}},"statementMap":{"1":{"start":{"line":40,"column":8},"end":{"line":40,"column":37}},"2":{"start":{"line":45,"column":8},"end":{"line":45,"column":46}},"3":{"start":{"line":58,"column":8},"end":{"line":58,"column":43}},"4":{"start":{"line":69,"column":8},"end":{"line":69,"column":54}},"5":{"start":{"line":92,"column":8},"end":{"line":92,"column":142}},"6":{"start":{"line":93,"column":8},"end":{"line":93,"column":21}},"7":{"start":{"line":94,"column":8},"end":{"line":94,"column":49}},"8":{"start":{"line":96,"column":8},"end":{"line":96,"column":50}},"9":{"start":{"line":98,"column":8},"end":{"line":98,"column":36}},"10":{"start":{"line":100,"column":8},"end":{"line":100,"column":30}},"11":{"start":{"line":101,"column":8},"end":{"line":101,"column":3794}},"12":{"start":{"line":102,"column":12},"end":{"line":102,"column":60}},"13":{"start":{"line":104,"column":12},"end":{"line":104,"column":4068}},"14":{"start":{"line":106,"column":16},"end":{"line":106,"column":52}},"15":{"start":{"line":108,"column":16},"end":{"line":108,"column":38}},"16":{"start":{"line":110,"column":16},"end":{"line":110,"column":32}},"17":{"start":{"line":113,"column":12},"end":{"line":113,"column":77}},"18":{"start":{"line":114,"column":12},"end":{"line":114,"column":47}},"19":{"start":{"line":117,"column":8},"end":{"line":117,"column":42}},"20":{"start":{"line":121,"column":8},"end":{"line":121,"column":47}},"21":{"start":{"line":122,"column":8},"end":{"line":122,"column":19}},"22":{"start":{"line":133,"column":8},"end":{"line":133,"column":38}},"23":{"start":{"line":135,"column":8},"end":{"line":135,"column":109}},"24":{"start":{"line":137,"column":8},"end":{"line":137,"column":85}},"25":{"start":{"line":139,"column":8},"end":{"line":139,"column":49}},"26":{"start":{"line":140,"column":8},"end":{"line":140,"column":34}},"27":{"start":{"line":141,"column":8},"end":{"line":141,"column":19}},"28":{"start":{"line":150,"column":8},"end":{"line":150,"column":46}},"29":{"start":{"line":151,"column":8},"end":{"line":151,"column":27}},"30":{"start":{"line":152,"column":8},"end":{"line":152,"column":19}}},"branchMap":{"1":{"line":40,"type":"if","locations":[{"start":{"line":40,"column":8},"end":{"line":40,"column":8}},{"start":{"line":40,"column":8},"end":{"line":40,"column":8}}]},"2":{"line":45,"type":"if","locations":[{"start":{"line":45,"column":8},"end":{"line":45,"column":8}},{"start":{"line":45,"column":8},"end":{"line":45,"column":8}}]},"3":{"line":92,"type":"if","locations":[{"start":{"line":92,"column":8},"end":{"line":92,"column":8}},{"start":{"line":92,"column":8},"end":{"line":92,"column":8}}]},"4":{"line":104,"type":"if","locations":[{"start":{"line":104,"column":12},"end":{"line":104,"column":12}},{"start":{"line":104,"column":12},"end":{"line":104,"column":12}}]},"5":{"line":117,"type":"if","locations":[{"start":{"line":117,"column":8},"end":{"line":117,"column":8}},{"start":{"line":117,"column":8},"end":{"line":117,"column":8}}]},"6":{"line":133,"type":"if","locations":[{"start":{"line":133,"column":8},"end":{"line":133,"column":8}},{"start":{"line":133,"column":8},"end":{"line":133,"column":8}}]},"7":{"line":135,"type":"if","locations":[{"start":{"line":135,"column":8},"end":{"line":135,"column":8}},{"start":{"line":135,"column":8},"end":{"line":135,"column":8}}]},"8":{"line":150,"type":"if","locations":[{"start":{"line":150,"column":8},"end":{"line":150,"column":8}},{"start":{"line":150,"column":8},"end":{"line":150,"column":8}}]}}}}