{"contracts/Crowdfund.sol":{"l":{"56":9,"57":7,"62":2,"63":2,"67":0,"68":0,"88":8,"90":8,"91":8,"92":8,"93":8,"96":8,"98":8,"100":8,"101":32,"102":32,"104":8,"107":8,"117":9,"118":6,"119":6,"120":6,"121":6,"122":5,"131":2,"132":1,"133":1,"134":1,"135":1,"143":13,"151":1,"159":7,"160":7,"161":7,"162":7,"163":7,"164":0,"166":7,"174":2,"175":2,"176":2,"178":2,"179":0,"183":2,"184":0,"186":2,"187":2,"197":12,"198":12,"200":27,"202":11,"203":5,"206":6,"210":1,"220":0,"221":0,"222":0,"224":0,"234":0,"235":0,"243":0,"244":0,"245":0,"252":0},"path":"/home/dev43/go/src/github.com/etherparty/eth-smart-contracts/contracts/Crowdfund.sol","s":{"1":9,"2":2,"3":0,"4":8,"5":8,"6":8,"7":8,"8":8,"9":8,"10":8,"11":8,"12":32,"13":8,"14":8,"15":9,"16":6,"17":6,"18":6,"19":6,"20":5,"21":2,"22":1,"23":1,"24":1,"25":1,"26":13,"27":1,"28":7,"29":7,"30":7,"31":7,"32":0,"33":7,"34":2,"35":2,"36":2,"37":2,"38":0,"39":2,"40":0,"41":2,"42":2,"43":12,"44":12,"45":27,"46":11,"47":5,"48":6,"49":1,"50":0,"51":0,"52":0,"53":0,"54":0,"55":0,"56":0,"57":0,"58":0,"59":0},"b":{"1":[7,2],"2":[2,0],"3":[0,0],"4":[8,0],"5":[8,0],"6":[6,3],"7":[5,1],"8":[1,1],"9":[1,0],"10":[0,7],"11":[2,0],"12":[2,0],"13":[0,2],"14":[0,2],"15":[11,16],"16":[5,6],"17":[0,0],"18":[0,0],"19":[0,0]},"f":{"1":9,"2":2,"3":0,"4":8,"5":9,"6":2,"7":13,"8":1,"9":7,"10":2,"11":12,"12":0,"13":0,"14":0,"15":0},"fnMap":{"1":{"name":"crowdfundIsActive","line":55,"loc":{"start":{"line":55,"column":4},"end":{"line":55,"column":30}}},"2":{"name":"onlyAfterCrowdfund","line":61,"loc":{"start":{"line":61,"column":4},"end":{"line":61,"column":31}}},"3":{"name":"onlyBeforeCrowdfund","line":66,"loc":{"start":{"line":66,"column":4},"end":{"line":66,"column":32}}},"4":{"name":"Crowdfund","line":75,"loc":{"start":{"line":75,"column":4},"end":{"line":86,"column":18}}},"5":{"name":"scheduleCrowdfund","line":115,"loc":{"start":{"line":115,"column":4},"end":{"line":115,"column":79}}},"6":{"name":"reScheduleCrowdfund","line":129,"loc":{"start":{"line":129,"column":4},"end":{"line":129,"column":81}}},"7":{"name":"changeWalletAddress","line":142,"loc":{"start":{"line":142,"column":4},"end":{"line":142,"column":88}}},"8":{"name":"changeForwardAddress","line":150,"loc":{"start":{"line":150,"column":4},"end":{"line":150,"column":107}}},"9":{"name":"buyTokens","line":158,"loc":{"start":{"line":158,"column":4},"end":{"line":158,"column":99}}},"10":{"name":"closeCrowdfund","line":173,"loc":{"start":{"line":173,"column":4},"end":{"line":173,"column":88}}},"11":{"name":"getRate","line":195,"loc":{"start":{"line":195,"column":4},"end":{"line":195,"column":57}}},"12":{"name":"deliverPresaleTokens","line":219,"loc":{"start":{"line":219,"column":4},"end":{"line":219,"column":146}}},"13":{"name":"deliverPresaleToken","line":233,"loc":{"start":{"line":233,"column":4},"end":{"line":233,"column":88}}},"14":{"name":"kill","line":242,"loc":{"start":{"line":242,"column":4},"end":{"line":242,"column":36}}},"15":{"name":null,"line":251,"loc":{"start":{"line":251,"column":4},"end":{"line":251,"column":30}}}},"statementMap":{"1":{"start":{"line":56,"column":8},"end":{"line":56,"column":47}},"2":{"start":{"line":62,"column":8},"end":{"line":62,"column":29}},"3":{"start":{"line":67,"column":8},"end":{"line":67,"column":31}},"4":{"start":{"line":88,"column":8},"end":{"line":88,"column":23}},"5":{"start":{"line":90,"column":8},"end":{"line":90,"column":21}},"6":{"start":{"line":91,"column":8},"end":{"line":91,"column":41}},"7":{"start":{"line":92,"column":8},"end":{"line":92,"column":29}},"8":{"start":{"line":93,"column":8},"end":{"line":93,"column":47}},"9":{"start":{"line":96,"column":8},"end":{"line":96,"column":67}},"10":{"start":{"line":98,"column":8},"end":{"line":98,"column":36}},"11":{"start":{"line":100,"column":8},"end":{"line":100,"column":3588}},"12":{"start":{"line":101,"column":12},"end":{"line":101,"column":63}},"13":{"start":{"line":104,"column":8},"end":{"line":104,"column":45}},"14":{"start":{"line":107,"column":8},"end":{"line":107,"column":90}},"15":{"start":{"line":117,"column":8},"end":{"line":117,"column":36}},"16":{"start":{"line":118,"column":8},"end":{"line":118,"column":28}},"17":{"start":{"line":119,"column":8},"end":{"line":119,"column":42}},"18":{"start":{"line":120,"column":8},"end":{"line":120,"column":25}},"19":{"start":{"line":121,"column":8},"end":{"line":121,"column":51}},"20":{"start":{"line":122,"column":8},"end":{"line":122,"column":19}},"21":{"start":{"line":131,"column":8},"end":{"line":131,"column":53}},"22":{"start":{"line":132,"column":8},"end":{"line":132,"column":28}},"23":{"start":{"line":133,"column":8},"end":{"line":133,"column":42}},"24":{"start":{"line":134,"column":8},"end":{"line":134,"column":51}},"25":{"start":{"line":135,"column":8},"end":{"line":135,"column":19}},"26":{"start":{"line":143,"column":8},"end":{"line":143,"column":23}},"27":{"start":{"line":151,"column":8},"end":{"line":151,"column":41}},"28":{"start":{"line":159,"column":8},"end":{"line":159,"column":36}},"29":{"start":{"line":160,"column":8},"end":{"line":160,"column":48}},"30":{"start":{"line":161,"column":8},"end":{"line":161,"column":43}},"31":{"start":{"line":163,"column":8},"end":{"line":163,"column":5972}},"32":{"start":{"line":164,"column":12},"end":{"line":164,"column":19}},"33":{"start":{"line":166,"column":8},"end":{"line":166,"column":44}},"34":{"start":{"line":174,"column":8},"end":{"line":174,"column":43}},"35":{"start":{"line":175,"column":8},"end":{"line":175,"column":47}},"36":{"start":{"line":176,"column":8},"end":{"line":176,"column":6451}},"37":{"start":{"line":178,"column":12},"end":{"line":178,"column":6578}},"38":{"start":{"line":179,"column":16},"end":{"line":179,"column":23}},"39":{"start":{"line":183,"column":8},"end":{"line":183,"column":6715}},"40":{"start":{"line":184,"column":12},"end":{"line":184,"column":19}},"41":{"start":{"line":186,"column":8},"end":{"line":186,"column":32}},"42":{"start":{"line":187,"column":8},"end":{"line":187,"column":19}},"43":{"start":{"line":197,"column":8},"end":{"line":197,"column":59}},"44":{"start":{"line":198,"column":8},"end":{"line":198,"column":7292}},"45":{"start":{"line":200,"column":12},"end":{"line":200,"column":7444}},"46":{"start":{"line":202,"column":16},"end":{"line":202,"column":7575}},"47":{"start":{"line":203,"column":20},"end":{"line":203,"column":41}},"48":{"start":{"line":206,"column":16},"end":{"line":206,"column":37}},"49":{"start":{"line":210,"column":8},"end":{"line":210,"column":16}},"50":{"start":{"line":220,"column":8},"end":{"line":220,"column":66}},"51":{"start":{"line":221,"column":8},"end":{"line":221,"column":8405}},"52":{"start":{"line":222,"column":12},"end":{"line":222,"column":72}},"53":{"start":{"line":224,"column":8},"end":{"line":224,"column":19}},"54":{"start":{"line":234,"column":8},"end":{"line":234,"column":8900}},"55":{"start":{"line":235,"column":12},"end":{"line":235,"column":19}},"56":{"start":{"line":243,"column":8},"end":{"line":243,"column":47}},"57":{"start":{"line":244,"column":8},"end":{"line":244,"column":57}},"58":{"start":{"line":245,"column":8},"end":{"line":245,"column":26}},"59":{"start":{"line":252,"column":8},"end":{"line":252,"column":28}}},"branchMap":{"1":{"line":56,"type":"if","locations":[{"start":{"line":56,"column":8},"end":{"line":56,"column":8}},{"start":{"line":56,"column":8},"end":{"line":56,"column":8}}]},"2":{"line":62,"type":"if","locations":[{"start":{"line":62,"column":8},"end":{"line":62,"column":8}},{"start":{"line":62,"column":8},"end":{"line":62,"column":8}}]},"3":{"line":67,"type":"if","locations":[{"start":{"line":67,"column":8},"end":{"line":67,"column":8}},{"start":{"line":67,"column":8},"end":{"line":67,"column":8}}]},"4":{"line":96,"type":"if","locations":[{"start":{"line":96,"column":8},"end":{"line":96,"column":8}},{"start":{"line":96,"column":8},"end":{"line":96,"column":8}}]},"5":{"line":104,"type":"if","locations":[{"start":{"line":104,"column":8},"end":{"line":104,"column":8}},{"start":{"line":104,"column":8},"end":{"line":104,"column":8}}]},"6":{"line":117,"type":"if","locations":[{"start":{"line":117,"column":8},"end":{"line":117,"column":8}},{"start":{"line":117,"column":8},"end":{"line":117,"column":8}}]},"7":{"line":121,"type":"if","locations":[{"start":{"line":121,"column":8},"end":{"line":121,"column":8}},{"start":{"line":121,"column":8},"end":{"line":121,"column":8}}]},"8":{"line":131,"type":"if","locations":[{"start":{"line":131,"column":8},"end":{"line":131,"column":8}},{"start":{"line":131,"column":8},"end":{"line":131,"column":8}}]},"9":{"line":134,"type":"if","locations":[{"start":{"line":134,"column":8},"end":{"line":134,"column":8}},{"start":{"line":134,"column":8},"end":{"line":134,"column":8}}]},"10":{"line":163,"type":"if","locations":[{"start":{"line":163,"column":8},"end":{"line":163,"column":8}},{"start":{"line":163,"column":8},"end":{"line":163,"column":8}}]},"11":{"line":174,"type":"if","locations":[{"start":{"line":174,"column":8},"end":{"line":174,"column":8}},{"start":{"line":174,"column":8},"end":{"line":174,"column":8}}]},"12":{"line":176,"type":"if","locations":[{"start":{"line":176,"column":8},"end":{"line":176,"column":8}},{"start":{"line":176,"column":8},"end":{"line":176,"column":8}}]},"13":{"line":178,"type":"if","locations":[{"start":{"line":178,"column":12},"end":{"line":178,"column":12}},{"start":{"line":178,"column":12},"end":{"line":178,"column":12}}]},"14":{"line":183,"type":"if","locations":[{"start":{"line":183,"column":8},"end":{"line":183,"column":8}},{"start":{"line":183,"column":8},"end":{"line":183,"column":8}}]},"15":{"line":200,"type":"if","locations":[{"start":{"line":200,"column":12},"end":{"line":200,"column":12}},{"start":{"line":200,"column":12},"end":{"line":200,"column":12}}]},"16":{"line":202,"type":"if","locations":[{"start":{"line":202,"column":16},"end":{"line":202,"column":16}},{"start":{"line":202,"column":16},"end":{"line":202,"column":16}}]},"17":{"line":220,"type":"if","locations":[{"start":{"line":220,"column":8},"end":{"line":220,"column":8}},{"start":{"line":220,"column":8},"end":{"line":220,"column":8}}]},"18":{"line":234,"type":"if","locations":[{"start":{"line":234,"column":8},"end":{"line":234,"column":8}},{"start":{"line":234,"column":8},"end":{"line":234,"column":8}}]},"19":{"line":244,"type":"if","locations":[{"start":{"line":244,"column":8},"end":{"line":244,"column":8}},{"start":{"line":244,"column":8},"end":{"line":244,"column":8}}]}}},"contracts/library/BasicToken.sol":{"l":{"23":1,"32":1,"33":1,"36":1,"37":1,"38":1,"39":1,"48":16},"path":"/home/dev43/go/src/github.com/etherparty/eth-smart-contracts/contracts/library/BasicToken.sol","s":{"1":1,"2":1,"3":1,"4":1,"5":1,"6":1,"7":1,"8":16},"b":{"1":[1,0],"2":[1,0]},"f":{"1":1,"2":1,"3":16},"fnMap":{"1":{"name":"totalSupply","line":22,"loc":{"start":{"line":22,"column":2},"end":{"line":22,"column":54}}},"2":{"name":"transfer","line":31,"loc":{"start":{"line":31,"column":2},"end":{"line":31,"column":70}}},"3":{"name":"balanceOf","line":47,"loc":{"start":{"line":47,"column":2},"end":{"line":47,"column":74}}}},"statementMap":{"1":{"start":{"line":23,"column":4},"end":{"line":23,"column":23}},"2":{"start":{"line":32,"column":4},"end":{"line":32,"column":29}},"3":{"start":{"line":33,"column":4},"end":{"line":33,"column":42}},"4":{"start":{"line":36,"column":4},"end":{"line":36,"column":58}},"5":{"start":{"line":37,"column":4},"end":{"line":37,"column":44}},"6":{"start":{"line":38,"column":4},"end":{"line":38,"column":36}},"7":{"start":{"line":39,"column":4},"end":{"line":39,"column":15}},"8":{"start":{"line":48,"column":4},"end":{"line":48,"column":27}}},"branchMap":{"1":{"line":32,"type":"if","locations":[{"start":{"line":32,"column":4},"end":{"line":32,"column":4}},{"start":{"line":32,"column":4},"end":{"line":32,"column":4}}]},"2":{"line":33,"type":"if","locations":[{"start":{"line":33,"column":4},"end":{"line":33,"column":4}},{"start":{"line":33,"column":4},"end":{"line":33,"column":4}}]}}},"contracts/library/CanReclaimToken.sol":{"l":{"22":0,"23":0},"path":"/home/dev43/go/src/github.com/etherparty/eth-smart-contracts/contracts/library/CanReclaimToken.sol","s":{"1":0},"b":{},"f":{"1":0},"fnMap":{"1":{"name":"reclaimToken","line":21,"loc":{"start":{"line":21,"column":2},"end":{"line":21,"column":60}}}},"statementMap":{"1":{"start":{"line":22,"column":4},"end":{"line":22,"column":42}}},"branchMap":{}},"contracts/library/ERC20.sol":{"l":{},"path":"/home/dev43/go/src/github.com/etherparty/eth-smart-contracts/contracts/library/ERC20.sol","s":{},"b":{},"f":{},"fnMap":{},"statementMap":{},"branchMap":{}},"contracts/library/ERC20Basic.sol":{"l":{},"path":"/home/dev43/go/src/github.com/etherparty/eth-smart-contracts/contracts/library/ERC20Basic.sol","s":{},"b":{},"f":{},"fnMap":{},"statementMap":{},"branchMap":{}},"contracts/library/NonZero.sol":{"l":{"9":21,"10":21,"14":0,"15":0,"19":7,"20":7},"path":"/home/dev43/go/src/github.com/etherparty/eth-smart-contracts/contracts/library/NonZero.sol","s":{"1":21,"2":0,"3":7},"b":{"1":[21,0],"2":[0,0],"3":[7,0]},"f":{"1":21,"2":0,"3":7},"fnMap":{"1":{"name":"nonZeroAddress","line":8,"loc":{"start":{"line":8,"column":4},"end":{"line":8,"column":43}}},"2":{"name":"nonZeroAmount","line":13,"loc":{"start":{"line":13,"column":4},"end":{"line":13,"column":38}}},"3":{"name":"nonZeroValue","line":18,"loc":{"start":{"line":18,"column":4},"end":{"line":18,"column":25}}}},"statementMap":{"1":{"start":{"line":9,"column":8},"end":{"line":9,"column":38}},"2":{"start":{"line":14,"column":8},"end":{"line":14,"column":27}},"3":{"start":{"line":19,"column":8},"end":{"line":19,"column":29}}},"branchMap":{"1":{"line":9,"type":"if","locations":[{"start":{"line":9,"column":8},"end":{"line":9,"column":8}},{"start":{"line":9,"column":8},"end":{"line":9,"column":8}}]},"2":{"line":14,"type":"if","locations":[{"start":{"line":14,"column":8},"end":{"line":14,"column":8}},{"start":{"line":14,"column":8},"end":{"line":14,"column":8}}]},"3":{"line":19,"type":"if","locations":[{"start":{"line":19,"column":8},"end":{"line":19,"column":8}},{"start":{"line":19,"column":8},"end":{"line":19,"column":8}}]}}},"contracts/library/Ownable.sol":{"l":{"21":16,"28":31,"29":27,"37":0,"38":0,"39":0},"path":"/home/dev43/go/src/github.com/etherparty/eth-smart-contracts/contracts/library/Ownable.sol","s":{"1":16,"2":31,"3":0,"4":0,"5":0},"b":{"1":[27,4],"2":[0,0]},"f":{"1":16,"2":31,"3":0},"fnMap":{"1":{"name":"Ownable","line":20,"loc":{"start":{"line":20,"column":2},"end":{"line":20,"column":27}}},"2":{"name":"onlyOwner","line":27,"loc":{"start":{"line":27,"column":2},"end":{"line":27,"column":22}}},"3":{"name":"transferOwnership","line":36,"loc":{"start":{"line":36,"column":2},"end":{"line":36,"column":63}}}},"statementMap":{"1":{"start":{"line":21,"column":4},"end":{"line":21,"column":21}},"2":{"start":{"line":28,"column":4},"end":{"line":28,"column":31}},"3":{"start":{"line":37,"column":4},"end":{"line":37,"column":34}},"4":{"start":{"line":38,"column":4},"end":{"line":38,"column":40}},"5":{"start":{"line":39,"column":4},"end":{"line":39,"column":19}}},"branchMap":{"1":{"line":28,"type":"if","locations":[{"start":{"line":28,"column":4},"end":{"line":28,"column":4}},{"start":{"line":28,"column":4},"end":{"line":28,"column":4}}]},"2":{"line":37,"type":"if","locations":[{"start":{"line":37,"column":4},"end":{"line":37,"column":4}},{"start":{"line":37,"column":4},"end":{"line":37,"column":4}}]}}},"contracts/library/SafeERC20.sol":{"l":{"15":0,"19":0,"23":0},"path":"/home/dev43/go/src/github.com/etherparty/eth-smart-contracts/contracts/library/SafeERC20.sol","s":{"1":0,"2":0,"3":0},"b":{"1":[0,0],"2":[0,0],"3":[0,0]},"f":{"1":0,"2":0,"3":0},"fnMap":{"1":{"name":"safeTransfer","line":14,"loc":{"start":{"line":14,"column":2},"end":{"line":14,"column":77}}},"2":{"name":"safeTransferFrom","line":18,"loc":{"start":{"line":18,"column":2},"end":{"line":18,"column":90}}},"3":{"name":"safeApprove","line":22,"loc":{"start":{"line":22,"column":2},"end":{"line":22,"column":76}}}},"statementMap":{"1":{"start":{"line":15,"column":4},"end":{"line":15,"column":36}},"2":{"start":{"line":19,"column":4},"end":{"line":19,"column":46}},"3":{"start":{"line":23,"column":4},"end":{"line":23,"column":40}}},"branchMap":{"1":{"line":15,"type":"if","locations":[{"start":{"line":15,"column":4},"end":{"line":15,"column":4}},{"start":{"line":15,"column":4},"end":{"line":15,"column":4}}]},"2":{"line":19,"type":"if","locations":[{"start":{"line":19,"column":4},"end":{"line":19,"column":4}},{"start":{"line":19,"column":4},"end":{"line":19,"column":4}}]},"3":{"line":23,"type":"if","locations":[{"start":{"line":23,"column":4},"end":{"line":23,"column":4}},{"start":{"line":23,"column":4},"end":{"line":23,"column":4}}]}}},"contracts/library/SafeMath.sol":{"l":{"14":71,"15":0,"17":71,"18":71,"19":71,"27":12,"29":12,"36":29,"37":27,"44":101,"45":101,"46":101},"path":"/home/dev43/go/src/github.com/etherparty/eth-smart-contracts/contracts/library/SafeMath.sol","s":{"1":71,"2":0,"3":71,"4":71,"5":71,"6":12,"7":12,"8":29,"9":27,"10":101,"11":101,"12":101},"b":{"1":[0,71],"2":[71,0],"3":[27,2],"4":[101,0]},"f":{"1":71,"2":12,"3":29,"4":101},"fnMap":{"1":{"name":"mul","line":13,"loc":{"start":{"line":13,"column":2},"end":{"line":13,"column":68}}},"2":{"name":"div","line":25,"loc":{"start":{"line":25,"column":2},"end":{"line":25,"column":68}}},"3":{"name":"sub","line":35,"loc":{"start":{"line":35,"column":2},"end":{"line":35,"column":68}}},"4":{"name":"add","line":43,"loc":{"start":{"line":43,"column":2},"end":{"line":43,"column":68}}}},"statementMap":{"1":{"start":{"line":14,"column":4},"end":{"line":14,"column":281}},"2":{"start":{"line":15,"column":6},"end":{"line":15,"column":14}},"3":{"start":{"line":17,"column":4},"end":{"line":17,"column":20}},"4":{"start":{"line":18,"column":4},"end":{"line":18,"column":21}},"5":{"start":{"line":19,"column":4},"end":{"line":19,"column":12}},"6":{"start":{"line":27,"column":4},"end":{"line":27,"column":20}},"7":{"start":{"line":29,"column":4},"end":{"line":29,"column":12}},"8":{"start":{"line":36,"column":4},"end":{"line":36,"column":17}},"9":{"start":{"line":37,"column":4},"end":{"line":37,"column":16}},"10":{"start":{"line":44,"column":4},"end":{"line":44,"column":20}},"11":{"start":{"line":45,"column":4},"end":{"line":45,"column":17}},"12":{"start":{"line":46,"column":4},"end":{"line":46,"column":12}}},"branchMap":{"1":{"line":14,"type":"if","locations":[{"start":{"line":14,"column":4},"end":{"line":14,"column":4}},{"start":{"line":14,"column":4},"end":{"line":14,"column":4}}]},"2":{"line":18,"type":"if","locations":[{"start":{"line":18,"column":4},"end":{"line":18,"column":4}},{"start":{"line":18,"column":4},"end":{"line":18,"column":4}}]},"3":{"line":36,"type":"if","locations":[{"start":{"line":36,"column":4},"end":{"line":36,"column":4}},{"start":{"line":36,"column":4},"end":{"line":36,"column":4}}]},"4":{"line":45,"type":"if","locations":[{"start":{"line":45,"column":4},"end":{"line":45,"column":4}},{"start":{"line":45,"column":4},"end":{"line":45,"column":4}}]}}},"contracts/library/StandardToken.sol":{"l":{"26":1,"27":1,"28":1,"30":1,"31":1,"32":1,"33":1,"34":1,"48":1,"49":1,"50":1,"60":0,"74":0,"75":0,"76":0,"90":0,"91":0,"92":0,"94":0,"96":0,"97":0},"path":"/home/dev43/go/src/github.com/etherparty/eth-smart-contracts/contracts/library/StandardToken.sol","s":{"1":1,"2":1,"3":1,"4":1,"5":1,"6":1,"7":1,"8":1,"9":1,"10":1,"11":1,"12":0,"13":0,"14":0,"15":0,"16":0,"17":0,"18":0,"19":0,"20":0,"21":0},"b":{"1":[1,0],"2":[1,0],"3":[1,0],"4":[0,0]},"f":{"1":1,"2":1,"3":0,"4":0,"5":0},"fnMap":{"1":{"name":"transferFrom","line":25,"loc":{"start":{"line":25,"column":2},"end":{"line":25,"column":89}}},"2":{"name":"approve","line":47,"loc":{"start":{"line":47,"column":2},"end":{"line":47,"column":74}}},"3":{"name":"allowance","line":59,"loc":{"start":{"line":59,"column":2},"end":{"line":59,"column":84}}},"4":{"name":"increaseApproval","line":73,"loc":{"start":{"line":73,"column":2},"end":{"line":73,"column":85}}},"5":{"name":"decreaseApproval","line":89,"loc":{"start":{"line":89,"column":2},"end":{"line":89,"column":90}}}},"statementMap":{"1":{"start":{"line":26,"column":4},"end":{"line":26,"column":29}},"2":{"start":{"line":27,"column":4},"end":{"line":27,"column":37}},"3":{"start":{"line":28,"column":4},"end":{"line":28,"column":48}},"4":{"start":{"line":30,"column":4},"end":{"line":30,"column":48}},"5":{"start":{"line":31,"column":4},"end":{"line":31,"column":44}},"6":{"start":{"line":32,"column":4},"end":{"line":32,"column":70}},"7":{"start":{"line":33,"column":4},"end":{"line":33,"column":31}},"8":{"start":{"line":34,"column":4},"end":{"line":34,"column":15}},"9":{"start":{"line":48,"column":4},"end":{"line":48,"column":41}},"10":{"start":{"line":49,"column":4},"end":{"line":49,"column":41}},"11":{"start":{"line":50,"column":4},"end":{"line":50,"column":15}},"12":{"start":{"line":60,"column":4},"end":{"line":60,"column":36}},"13":{"start":{"line":74,"column":4},"end":{"line":74,"column":81}},"14":{"start":{"line":75,"column":4},"end":{"line":75,"column":64}},"15":{"start":{"line":76,"column":4},"end":{"line":76,"column":15}},"16":{"start":{"line":90,"column":4},"end":{"line":90,"column":48}},"17":{"start":{"line":91,"column":4},"end":{"line":91,"column":3753}},"18":{"start":{"line":92,"column":6},"end":{"line":92,"column":38}},"19":{"start":{"line":94,"column":6},"end":{"line":94,"column":67}},"20":{"start":{"line":96,"column":4},"end":{"line":96,"column":64}},"21":{"start":{"line":97,"column":4},"end":{"line":97,"column":15}}},"branchMap":{"1":{"line":26,"type":"if","locations":[{"start":{"line":26,"column":4},"end":{"line":26,"column":4}},{"start":{"line":26,"column":4},"end":{"line":26,"column":4}}]},"2":{"line":27,"type":"if","locations":[{"start":{"line":27,"column":4},"end":{"line":27,"column":4}},{"start":{"line":27,"column":4},"end":{"line":27,"column":4}}]},"3":{"line":28,"type":"if","locations":[{"start":{"line":28,"column":4},"end":{"line":28,"column":4}},{"start":{"line":28,"column":4},"end":{"line":28,"column":4}}]},"4":{"line":91,"type":"if","locations":[{"start":{"line":91,"column":4},"end":{"line":91,"column":4}},{"start":{"line":91,"column":4},"end":{"line":91,"column":4}}]}}},"contracts/Token.sol":{"l":{"37":6,"38":2,"50":1,"61":1,"80":8,"81":8,"82":8,"83":8,"84":8,"86":8,"87":8,"89":48,"90":48,"92":8,"94":8,"96":8,"98":48,"99":48,"101":8,"112":16,"114":14,"116":12,"117":12,"118":12,"127":2,"128":2,"129":2},"path":"/home/dev43/go/src/github.com/etherparty/eth-smart-contracts/contracts/Token.sol","s":{"1":6,"2":1,"3":1,"4":8,"5":8,"6":8,"7":8,"8":8,"9":8,"10":8,"11":48,"12":48,"13":8,"14":8,"15":8,"16":48,"17":48,"18":8,"19":16,"20":14,"21":12,"22":12,"23":12,"24":2,"25":2,"26":2},"b":{"1":[2,4],"2":[8,0],"3":[8,40],"4":[8,0],"5":[14,2],"6":[2,0]},"f":{"1":6,"2":1,"3":1,"4":8,"5":16,"6":2},"fnMap":{"1":{"name":"onlyUnlocked","line":36,"loc":{"start":{"line":36,"column":4},"end":{"line":36,"column":25}}},"2":{"name":"transfer","line":49,"loc":{"start":{"line":49,"column":4},"end":{"line":49,"column":92}}},"3":{"name":"transferFrom","line":60,"loc":{"start":{"line":60,"column":4},"end":{"line":60,"column":111}}},"4":{"name":"Token","line":71,"loc":{"start":{"line":71,"column":4},"end":{"line":77,"column":18}}},"5":{"name":"moveAllocation","line":110,"loc":{"start":{"line":110,"column":4},"end":{"line":110,"column":84}}},"6":{"name":"unlockTokens","line":125,"loc":{"start":{"line":125,"column":4},"end":{"line":125,"column":49}}}},"statementMap":{"1":{"start":{"line":37,"column":8},"end":{"line":37,"column":37}},"2":{"start":{"line":50,"column":8},"end":{"line":50,"column":43}},"3":{"start":{"line":61,"column":8},"end":{"line":61,"column":54}},"4":{"start":{"line":80,"column":8},"end":{"line":80,"column":136}},"5":{"start":{"line":81,"column":8},"end":{"line":81,"column":21}},"6":{"start":{"line":82,"column":8},"end":{"line":82,"column":49}},"7":{"start":{"line":83,"column":8},"end":{"line":83,"column":50}},"8":{"start":{"line":84,"column":8},"end":{"line":84,"column":36}},"9":{"start":{"line":86,"column":8},"end":{"line":86,"column":30}},"10":{"start":{"line":87,"column":8},"end":{"line":87,"column":3401}},"11":{"start":{"line":89,"column":12},"end":{"line":89,"column":59}},"12":{"start":{"line":90,"column":12},"end":{"line":90,"column":3673}},"13":{"start":{"line":92,"column":16},"end":{"line":92,"column":51}},"14":{"start":{"line":94,"column":16},"end":{"line":94,"column":38}},"15":{"start":{"line":96,"column":16},"end":{"line":96,"column":31}},"16":{"start":{"line":98,"column":12},"end":{"line":98,"column":75}},"17":{"start":{"line":99,"column":12},"end":{"line":99,"column":47}},"18":{"start":{"line":101,"column":8},"end":{"line":101,"column":42}},"19":{"start":{"line":112,"column":8},"end":{"line":112,"column":54}},"20":{"start":{"line":114,"column":8},"end":{"line":114,"column":85}},"21":{"start":{"line":116,"column":8},"end":{"line":116,"column":49}},"22":{"start":{"line":117,"column":8},"end":{"line":117,"column":34}},"23":{"start":{"line":118,"column":8},"end":{"line":118,"column":19}},"24":{"start":{"line":127,"column":8},"end":{"line":127,"column":46}},"25":{"start":{"line":128,"column":8},"end":{"line":128,"column":27}},"26":{"start":{"line":129,"column":8},"end":{"line":129,"column":19}}},"branchMap":{"1":{"line":37,"type":"if","locations":[{"start":{"line":37,"column":8},"end":{"line":37,"column":8}},{"start":{"line":37,"column":8},"end":{"line":37,"column":8}}]},"2":{"line":80,"type":"if","locations":[{"start":{"line":80,"column":8},"end":{"line":80,"column":8}},{"start":{"line":80,"column":8},"end":{"line":80,"column":8}}]},"3":{"line":90,"type":"if","locations":[{"start":{"line":90,"column":12},"end":{"line":90,"column":12}},{"start":{"line":90,"column":12},"end":{"line":90,"column":12}}]},"4":{"line":101,"type":"if","locations":[{"start":{"line":101,"column":8},"end":{"line":101,"column":8}},{"start":{"line":101,"column":8},"end":{"line":101,"column":8}}]},"5":{"line":112,"type":"if","locations":[{"start":{"line":112,"column":8},"end":{"line":112,"column":8}},{"start":{"line":112,"column":8},"end":{"line":112,"column":8}}]},"6":{"line":127,"type":"if","locations":[{"start":{"line":127,"column":8},"end":{"line":127,"column":8}},{"start":{"line":127,"column":8},"end":{"line":127,"column":8}}]}}}}