TN:
SF:/home/dev43/go/src/github.com/etherparty/eth-smart-contracts/contracts/Crowdfund.sol
FN:55,crowdfundIsActive
FN:61,onlyAfterCrowdfund
FN:66,onlyBeforeCrowdfund
FN:75,Crowdfund
FN:115,scheduleCrowdfund
FN:129,reScheduleCrowdfund
FN:142,changeWalletAddress
FN:150,changeForwardAddress
FN:158,buyTokens
FN:173,closeCrowdfund
FN:195,getRate
FN:219,deliverPresaleTokens
FN:233,deliverPresaleToken
FN:242,kill
FN:251,
FNF:15
FNH:15
FNDA:16,crowdfundIsActive
FNDA:9,onlyAfterCrowdfund
FNDA:4,onlyBeforeCrowdfund
FNDA:12,Crowdfund
FNDA:13,scheduleCrowdfund
FNDA:2,reScheduleCrowdfund
FNDA:21,changeWalletAddress
FNDA:1,changeForwardAddress
FNDA:9,buyTokens
FNDA:6,closeCrowdfund
FNDA:14,getRate
FNDA:1,deliverPresaleTokens
FNDA:5,deliverPresaleToken
FNDA:2,kill
FNDA:1,
DA:56,16
DA:57,11
DA:62,9
DA:63,7
DA:67,4
DA:68,1
DA:88,12
DA:90,12
DA:91,12
DA:92,12
DA:93,12
DA:96,12
DA:98,12
DA:100,12
DA:101,48
DA:102,48
DA:104,12
DA:107,12
DA:117,13
DA:118,10
DA:119,10
DA:120,10
DA:121,10
DA:122,9
DA:131,2
DA:132,1
DA:133,1
DA:134,1
DA:135,1
DA:143,21
DA:151,1
DA:159,9
DA:160,9
DA:161,9
DA:162,9
DA:163,9
DA:164,0
DA:166,9
DA:174,6
DA:175,5
DA:176,5
DA:178,5
DA:179,0
DA:183,5
DA:184,0
DA:186,5
DA:187,5
DA:197,14
DA:198,14
DA:200,29
DA:202,13
DA:203,7
DA:206,6
DA:210,1
DA:220,1
DA:221,1
DA:222,5
DA:224,1
DA:234,5
DA:235,0
DA:243,2
DA:244,2
DA:245,1
DA:252,1
LF:64
LH:60
BRDA:56,1,0,11
BRDA:56,1,1,5
BRDA:62,2,0,7
BRDA:62,2,1,2
BRDA:67,3,0,1
BRDA:67,3,1,3
BRDA:96,4,0,12
BRDA:96,4,1,0
BRDA:104,5,0,12
BRDA:104,5,1,0
BRDA:117,6,0,10
BRDA:117,6,1,3
BRDA:121,7,0,9
BRDA:121,7,1,1
BRDA:131,8,0,1
BRDA:131,8,1,1
BRDA:134,9,0,1
BRDA:134,9,1,0
BRDA:163,10,0,0
BRDA:163,10,1,9
BRDA:174,11,0,5
BRDA:174,11,1,1
BRDA:176,12,0,5
BRDA:176,12,1,0
BRDA:178,13,0,0
BRDA:178,13,1,5
BRDA:183,14,0,0
BRDA:183,14,1,5
BRDA:200,15,0,13
BRDA:200,15,1,16
BRDA:202,16,0,7
BRDA:202,16,1,6
BRDA:220,17,0,1
BRDA:220,17,1,0
BRDA:234,18,0,0
BRDA:234,18,1,5
BRDA:244,19,0,1
BRDA:244,19,1,1
BRF:38
BRH:29
end_of_record
TN:
SF:/home/dev43/go/src/github.com/etherparty/eth-smart-contracts/contracts/library/BasicToken.sol
FN:22,totalSupply
FN:31,transfer
FN:47,balanceOf
FNF:3
FNH:3
FNDA:1,totalSupply
FNDA:1,transfer
FNDA:26,balanceOf
DA:23,1
DA:32,1
DA:33,1
DA:36,1
DA:37,1
DA:38,1
DA:39,1
DA:48,26
LF:8
LH:8
BRDA:32,1,0,1
BRDA:32,1,1,0
BRDA:33,2,0,1
BRDA:33,2,1,0
BRF:4
BRH:2
end_of_record
TN:
SF:/home/dev43/go/src/github.com/etherparty/eth-smart-contracts/contracts/library/CanReclaimToken.sol
FN:21,reclaimToken
FNF:1
FNH:0
FNDA:0,reclaimToken
DA:22,0
DA:23,0
LF:2
LH:0
BRF:0
BRH:0
end_of_record
TN:
SF:/home/dev43/go/src/github.com/etherparty/eth-smart-contracts/contracts/library/ERC20.sol
FNF:0
FNH:0
LF:0
LH:0
BRF:0
BRH:0
end_of_record
TN:
SF:/home/dev43/go/src/github.com/etherparty/eth-smart-contracts/contracts/library/ERC20Basic.sol
FNF:0
FNH:0
LF:0
LH:0
BRF:0
BRH:0
end_of_record
TN:
SF:/home/dev43/go/src/github.com/etherparty/eth-smart-contracts/contracts/library/NonZero.sol
FN:8,nonZeroAddress
FN:13,nonZeroAmount
FN:18,nonZeroValue
FNF:3
FNH:2
FNDA:33,nonZeroAddress
FNDA:0,nonZeroAmount
FNDA:11,nonZeroValue
DA:9,33
DA:10,33
DA:14,0
DA:15,0
DA:19,11
DA:20,9
LF:6
LH:4
BRDA:9,1,0,33
BRDA:9,1,1,0
BRDA:14,2,0,0
BRDA:14,2,1,0
BRDA:19,3,0,9
BRDA:19,3,1,2
BRF:6
BRH:3
end_of_record
TN:
SF:/home/dev43/go/src/github.com/etherparty/eth-smart-contracts/contracts/library/Ownable.sol
FN:20,Ownable
FN:27,onlyOwner
FN:36,transferOwnership
FNF:3
FNH:2
FNDA:24,Ownable
FNDA:52,onlyOwner
FNDA:0,transferOwnership
DA:21,24
DA:28,52
DA:29,46
DA:37,0
DA:38,0
DA:39,0
LF:6
LH:3
BRDA:28,1,0,46
BRDA:28,1,1,6
BRDA:37,2,0,0
BRDA:37,2,1,0
BRF:4
BRH:2
end_of_record
TN:
SF:/home/dev43/go/src/github.com/etherparty/eth-smart-contracts/contracts/library/SafeERC20.sol
FN:14,safeTransfer
FN:18,safeTransferFrom
FN:22,safeApprove
FNF:3
FNH:0
FNDA:0,safeTransfer
FNDA:0,safeTransferFrom
FNDA:0,safeApprove
DA:15,0
DA:19,0
DA:23,0
LF:3
LH:0
BRDA:15,1,0,0
BRDA:15,1,1,0
BRDA:19,2,0,0
BRDA:19,2,1,0
BRDA:23,3,0,0
BRDA:23,3,1,0
BRF:6
BRH:0
end_of_record
TN:
SF:/home/dev43/go/src/github.com/etherparty/eth-smart-contracts/contracts/library/SafeMath.sol
FN:13,mul
FN:25,div
FN:35,sub
FN:43,add
FNF:4
FNH:4
FNDA:105,mul
FNDA:14,div
FNDA:41,sub
FNDA:153,add
DA:14,105
DA:15,0
DA:17,105
DA:18,105
DA:19,105
DA:27,14
DA:29,14
DA:36,41
DA:37,39
DA:44,153
DA:45,153
DA:46,153
LF:12
LH:11
BRDA:14,1,0,0
BRDA:14,1,1,105
BRDA:18,2,0,105
BRDA:18,2,1,0
BRDA:36,3,0,39
BRDA:36,3,1,2
BRDA:45,4,0,153
BRDA:45,4,1,0
BRF:8
BRH:5
end_of_record
TN:
SF:/home/dev43/go/src/github.com/etherparty/eth-smart-contracts/contracts/library/StandardToken.sol
FN:25,transferFrom
FN:47,approve
FN:59,allowance
FN:73,increaseApproval
FN:89,decreaseApproval
FNF:5
FNH:2
FNDA:1,transferFrom
FNDA:1,approve
FNDA:0,allowance
FNDA:0,increaseApproval
FNDA:0,decreaseApproval
DA:26,1
DA:27,1
DA:28,1
DA:30,1
DA:31,1
DA:32,1
DA:33,1
DA:34,1
DA:48,1
DA:49,1
DA:50,1
DA:60,0
DA:74,0
DA:75,0
DA:76,0
DA:90,0
DA:91,0
DA:92,0
DA:94,0
DA:96,0
DA:97,0
LF:21
LH:11
BRDA:26,1,0,1
BRDA:26,1,1,0
BRDA:27,2,0,1
BRDA:27,2,1,0
BRDA:28,3,0,1
BRDA:28,3,1,0
BRDA:91,4,0,0
BRDA:91,4,1,0
BRF:8
BRH:3
end_of_record
TN:
SF:/home/dev43/go/src/github.com/etherparty/eth-smart-contracts/contracts/Token.sol
FN:36,onlyUnlocked
FN:49,transfer
FN:60,transferFrom
FN:71,Token
FN:110,moveAllocation
FN:125,unlockTokens
FNF:6
FNH:6
FNDA:6,onlyUnlocked
FNDA:1,transfer
FNDA:1,transferFrom
FNDA:12,Token
FNDA:26,moveAllocation
FNDA:5,unlockTokens
DA:37,6
DA:38,2
DA:50,1
DA:61,1
DA:80,12
DA:81,12
DA:82,12
DA:83,12
DA:84,12
DA:86,12
DA:87,12
DA:89,72
DA:90,72
DA:92,12
DA:94,12
DA:96,12
DA:98,72
DA:99,72
DA:101,12
DA:112,26
DA:114,24
DA:116,22
DA:117,22
DA:118,22
DA:127,5
DA:128,5
DA:129,5
LF:27
LH:27
BRDA:37,1,0,2
BRDA:37,1,1,4
BRDA:80,2,0,12
BRDA:80,2,1,0
BRDA:90,3,0,12
BRDA:90,3,1,60
BRDA:101,4,0,12
BRDA:101,4,1,0
BRDA:112,5,0,24
BRDA:112,5,1,2
BRDA:127,6,0,5
BRDA:127,6,1,0
BRF:12
BRH:9
end_of_record
