TN:
SF:/home/dev43/go/src/github.com/etherparty/eth-smart-contracts/contracts/Crowdfund.sol
FN:54,duringCrowdfund
FN:60,onlyAfterCrowdfund
FN:65,onlyBeforeCrowdfund
FN:83,Crowdfund
FN:129,scheduleCrowdfund
FN:143,reScheduleCrowdfund
FN:156,changeWalletAddress
FN:164,changeForwardAddress
FN:172,buyTokens
FN:190,closeCrowdfund
FN:212,getRate
FN:232,deliverPresaleTokens
FN:244,kill
FN:254,
FNF:14
FNH:14
FNDA:19,duringCrowdfund
FNDA:14,onlyAfterCrowdfund
FNDA:4,onlyBeforeCrowdfund
FNDA:14,Crowdfund
FNDA:15,scheduleCrowdfund
FNDA:2,reScheduleCrowdfund
FNDA:24,changeWalletAddress
FNDA:1,changeForwardAddress
FNDA:11,buyTokens
FNDA:8,closeCrowdfund
FNDA:16,getRate
FNDA:1,deliverPresaleTokens
FNDA:2,kill
FNDA:1,
DA:55,19
DA:56,13
DA:61,14
DA:62,10
DA:66,4
DA:67,1
DA:97,14
DA:99,14
DA:100,14
DA:101,14
DA:103,14
DA:106,14
DA:109,14
DA:111,14
DA:112,56
DA:113,56
DA:118,14
DA:121,14
DA:131,15
DA:132,12
DA:133,12
DA:134,12
DA:135,12
DA:136,11
DA:145,2
DA:146,1
DA:147,1
DA:148,1
DA:149,1
DA:157,24
DA:165,1
DA:173,11
DA:175,11
DA:176,11
DA:178,11
DA:180,11
DA:181,0
DA:183,10
DA:191,8
DA:192,6
DA:193,6
DA:195,6
DA:196,0
DA:200,6
DA:201,0
DA:203,6
DA:204,6
DA:214,16
DA:216,16
DA:218,31
DA:219,15
DA:223,1
DA:233,1
DA:234,1
DA:235,5
DA:236,0
DA:239,1
DA:245,2
DA:246,2
DA:248,1
DA:255,1
LF:61
LH:57
BRDA:55,1,0,13
BRDA:55,1,1,6
BRDA:61,2,0,10
BRDA:61,2,1,4
BRDA:66,3,0,1
BRDA:66,3,1,3
BRDA:106,4,0,14
BRDA:106,4,1,0
BRDA:118,5,0,14
BRDA:118,5,1,0
BRDA:131,6,0,12
BRDA:131,6,1,3
BRDA:135,7,0,11
BRDA:135,7,1,1
BRDA:145,8,0,1
BRDA:145,8,1,1
BRDA:148,9,0,1
BRDA:148,9,1,0
BRDA:180,10,0,0
BRDA:180,10,1,10
BRDA:191,11,0,6
BRDA:191,11,1,2
BRDA:193,12,0,6
BRDA:193,12,1,0
BRDA:195,13,0,0
BRDA:195,13,1,6
BRDA:200,14,0,0
BRDA:200,14,1,6
BRDA:218,15,0,15
BRDA:218,15,1,16
BRDA:233,16,0,1
BRDA:233,16,1,0
BRDA:235,17,0,0
BRDA:235,17,1,5
BRDA:246,18,0,1
BRDA:246,18,1,1
BRF:36
BRH:27
end_of_record
TN:
SF:/home/dev43/go/src/github.com/etherparty/eth-smart-contracts/contracts/library/BasicToken.sol
FN:22,totalSupply
FN:31,transfer
FN:47,balanceOf
FNF:3
FNH:3
FNDA:1,totalSupply
FNDA:1,transfer
FNDA:29,balanceOf
DA:23,1
DA:32,1
DA:33,1
DA:36,1
DA:37,1
DA:38,1
DA:39,1
DA:48,29
LF:8
LH:8
BRDA:32,1,0,1
BRDA:32,1,1,0
BRDA:33,2,0,1
BRDA:33,2,1,0
BRF:4
BRH:2
end_of_record
TN:
SF:/home/dev43/go/src/github.com/etherparty/eth-smart-contracts/contracts/library/CanReclaimToken.sol
FN:21,reclaimToken
FNF:1
FNH:0
FNDA:0,reclaimToken
DA:22,0
DA:23,0
LF:2
LH:0
BRF:0
BRH:0
end_of_record
TN:
SF:/home/dev43/go/src/github.com/etherparty/eth-smart-contracts/contracts/library/ERC20.sol
FNF:0
FNH:0
LF:0
LH:0
BRF:0
BRH:0
end_of_record
TN:
SF:/home/dev43/go/src/github.com/etherparty/eth-smart-contracts/contracts/library/ERC20Basic.sol
FNF:0
FNH:0
LF:0
LH:0
BRF:0
BRH:0
end_of_record
TN:
SF:/home/dev43/go/src/github.com/etherparty/eth-smart-contracts/contracts/library/NonZero.sol
FN:8,nonZeroAddress
FN:13,nonZeroAmount
FN:18,nonZeroValue
FNF:3
FNH:2
FNDA:37,nonZeroAddress
FNDA:0,nonZeroAmount
FNDA:13,nonZeroValue
DA:9,37
DA:10,37
DA:14,0
DA:15,0
DA:19,13
DA:20,11
LF:6
LH:4
BRDA:9,1,0,37
BRDA:9,1,1,0
BRDA:14,2,0,0
BRDA:14,2,1,0
BRDA:19,3,0,11
BRDA:19,3,1,2
BRF:6
BRH:3
end_of_record
TN:
SF:/home/dev43/go/src/github.com/etherparty/eth-smart-contracts/contracts/library/Ownable.sol
FN:20,Ownable
FN:27,onlyOwner
FN:36,transferOwnership
FNF:3
FNH:2
FNDA:28,Ownable
FNDA:60,onlyOwner
FNDA:0,transferOwnership
DA:21,28
DA:28,60
DA:29,53
DA:37,0
DA:38,0
DA:39,0
LF:6
LH:3
BRDA:28,1,0,53
BRDA:28,1,1,7
BRDA:37,2,0,0
BRDA:37,2,1,0
BRF:4
BRH:2
end_of_record
TN:
SF:/home/dev43/go/src/github.com/etherparty/eth-smart-contracts/contracts/library/SafeERC20.sol
FN:14,safeTransfer
FN:18,safeTransferFrom
FN:22,safeApprove
FNF:3
FNH:0
FNDA:0,safeTransfer
FNDA:0,safeTransferFrom
FNDA:0,safeApprove
DA:15,0
DA:19,0
DA:23,0
LF:3
LH:0
BRDA:15,1,0,0
BRDA:15,1,1,0
BRDA:19,2,0,0
BRDA:19,2,1,0
BRDA:23,3,0,0
BRDA:23,3,1,0
BRF:6
BRH:0
end_of_record
TN:
SF:/home/dev43/go/src/github.com/etherparty/eth-smart-contracts/contracts/library/SafeMath.sol
FN:13,mul
FN:25,div
FN:35,sub
FN:43,add
FNF:4
FNH:4
FNDA:123,mul
FNDA:16,div
FNDA:46,sub
FNDA:190,add
DA:14,123
DA:15,0
DA:17,123
DA:18,123
DA:19,123
DA:27,16
DA:29,16
DA:36,46
DA:37,43
DA:44,190
DA:45,190
DA:46,190
LF:12
LH:11
BRDA:14,1,0,0
BRDA:14,1,1,123
BRDA:18,2,0,123
BRDA:18,2,1,0
BRDA:36,3,0,43
BRDA:36,3,1,3
BRDA:45,4,0,190
BRDA:45,4,1,0
BRF:8
BRH:5
end_of_record
TN:
SF:/home/dev43/go/src/github.com/etherparty/eth-smart-contracts/contracts/library/StandardToken.sol
FN:25,transferFrom
FN:47,approve
FN:59,allowance
FN:73,increaseApproval
FN:89,decreaseApproval
FNF:5
FNH:2
FNDA:1,transferFrom
FNDA:1,approve
FNDA:0,allowance
FNDA:0,increaseApproval
FNDA:0,decreaseApproval
DA:26,1
DA:27,1
DA:28,1
DA:30,1
DA:31,1
DA:32,1
DA:33,1
DA:34,1
DA:48,1
DA:49,1
DA:50,1
DA:60,0
DA:74,0
DA:75,0
DA:76,0
DA:90,0
DA:91,0
DA:92,0
DA:94,0
DA:96,0
DA:97,0
LF:21
LH:11
BRDA:26,1,0,1
BRDA:26,1,1,0
BRDA:27,2,0,1
BRDA:27,2,1,0
BRDA:28,3,0,1
BRDA:28,3,1,0
BRDA:91,4,0,0
BRDA:91,4,1,0
BRF:8
BRH:3
end_of_record
TN:
SF:/home/dev43/go/src/github.com/etherparty/eth-smart-contracts/contracts/Token.sol
FN:36,onlyUnlocked
FN:49,transfer
FN:60,transferFrom
FN:75,Token
FN:118,moveAllocation
FN:133,unlockTokens
FNF:6
FNH:6
FNDA:6,onlyUnlocked
FNDA:1,transfer
FNDA:1,transferFrom
FNDA:14,Token
FNDA:29,moveAllocation
FNDA:6,unlockTokens
DA:37,6
DA:38,2
DA:50,1
DA:61,1
DA:84,14
DA:85,14
DA:86,14
DA:88,14
DA:90,14
DA:92,14
DA:93,14
DA:94,84
DA:96,84
DA:98,14
DA:100,14
DA:102,14
DA:105,84
DA:106,84
DA:109,14
DA:120,29
DA:122,27
DA:124,24
DA:125,24
DA:126,24
DA:135,6
DA:136,6
DA:137,6
LF:27
LH:27
BRDA:37,1,0,2
BRDA:37,1,1,4
BRDA:84,2,0,14
BRDA:84,2,1,0
BRDA:96,3,0,14
BRDA:96,3,1,70
BRDA:109,4,0,14
BRDA:109,4,1,0
BRDA:120,5,0,27
BRDA:120,5,1,2
BRDA:135,6,0,6
BRDA:135,6,1,0
BRF:12
BRH:9
end_of_record
